<?xml version="1.0" encoding="UTF-8"?>
<testng-results skipped="0" failed="0" total="3" passed="3">
  <reporter-output>
  </reporter-output>
  <suite name="Suite" duration-ms="47910" started-at="2020-02-10T13:58:42Z" finished-at="2020-02-10T13:59:29Z">
    <groups>
    </groups>
    <test name="Test" duration-ms="47910" started-at="2020-02-10T13:58:42Z" finished-at="2020-02-10T13:59:29Z">
      <class name="Academy.ValidateTitle">
        <test-method status="PASS" signature="validateTitle(java.lang.String, java.lang.String)[pri:0, instance:Academy.ValidateTitle@153f5a29]" name="validateTitle" duration-ms="15357" started-at="2020-02-10T19:29:12Z" data-provider="getData" finished-at="2020-02-10T19:29:27Z">
          <params>
            <param index="0">
              <value>
                <![CDATA[Synergy]]>
              </value>
            </param>
            <param index="1">
              <value>
                <![CDATA[@ffSh@reTeam#123]]>
              </value>
            </param>
          </params>
          <reporter-output>
          </reporter-output>
        </test-method> <!-- validateTitle -->
      </class> <!-- Academy.ValidateTitle -->
      <class name="Academy.HomePage">
        <test-method status="PASS" signature="basePageNavigation(java.lang.String, java.lang.String)[pri:0, instance:Academy.HomePage@32e6e9c3]" name="basePageNavigation" duration-ms="14634" started-at="2020-02-10T19:28:42Z" data-provider="getData" finished-at="2020-02-10T19:28:56Z">
          <params>
            <param index="0">
              <value>
                <![CDATA[Hello]]>
              </value>
            </param>
            <param index="1">
              <value>
                <![CDATA[abcdef]]>
              </value>
            </param>
          </params>
          <reporter-output>
          </reporter-output>
        </test-method> <!-- basePageNavigation -->
        <test-method status="PASS" signature="basePageNavigation(java.lang.String, java.lang.String)[pri:0, instance:Academy.HomePage@32e6e9c3]" name="basePageNavigation" duration-ms="15536" started-at="2020-02-10T19:28:56Z" data-provider="getData" finished-at="2020-02-10T19:29:12Z">
          <params>
            <param index="0">
              <value>
                <![CDATA[Synergy]]>
              </value>
            </param>
            <param index="1">
              <value>
                <![CDATA[@ffSh@reTeam#123]]>
              </value>
            </param>
          </params>
          <reporter-output>
          </reporter-output>
        </test-method> <!-- basePageNavigation -->
        <test-method status="PASS" signature="teardown()[pri:0, instance:Academy.HomePage@32e6e9c3]" name="teardown" is-config="true" duration-ms="2309" started-at="2020-02-10T19:29:27Z" finished-at="2020-02-10T19:29:29Z">
          <reporter-output>
          </reporter-output>
        </test-method> <!-- teardown -->
        <test-method status="PASS" signature="teardown()[pri:0, instance:Academy.ValidateTitle@153f5a29]" name="teardown" is-config="true" duration-ms="64" started-at="2020-02-10T19:29:29Z" finished-at="2020-02-10T19:29:29Z">
          <reporter-output>
          </reporter-output>
        </test-method> <!-- teardown -->
      </class> <!-- Academy.HomePage -->
    </test> <!-- Test -->
  </suite> <!-- Suite -->
</testng-results>
