<?xml version="1.0" encoding="UTF-8"?>
<testng-results skipped="0" failed="0" total="1" passed="1">
  <reporter-output>
  </reporter-output>
  <suite name="Default suite" duration-ms="16452" started-at="2020-02-05T10:56:45Z" finished-at="2020-02-05T10:57:02Z">
    <groups>
    </groups>
    <test name="Default test" duration-ms="16452" started-at="2020-02-05T10:56:45Z" finished-at="2020-02-05T10:57:02Z">
      <class name="Academy.ValidateTitle">
        <test-method status="PASS" signature="validateTitle(java.lang.String, java.lang.String)[pri:0, instance:Academy.ValidateTitle@76908cc0]" name="validateTitle" duration-ms="16439" started-at="2020-02-05T16:26:45Z" data-provider="getData" finished-at="2020-02-05T16:27:02Z">
          <params>
            <param index="0">
              <value>
                <![CDATA[Synergy]]>
              </value>
            </param>
            <param index="1">
              <value>
                <![CDATA[@ffSh@reTeam#123]]>
              </value>
            </param>
          </params>
          <reporter-output>
          </reporter-output>
        </test-method> <!-- validateTitle -->
      </class> <!-- Academy.ValidateTitle -->
    </test> <!-- Default test -->
  </suite> <!-- Default suite -->
</testng-results>
